<?xml version="1.0" encoding="UTF-8"?>
<!-- Generated by org.testng.reporters.JUnitReportReporter -->
<testsuite hostname="DESKTOP-3B2G8AU" failures="0" tests="2" name="tests.Test_002" time="22.893" errors="0" timestamp="06 Dec 2023 15:25:24 GMT" skipped="1">
  <testcase classname="tests.Test_002" name="passwordInvalid" time="22.893"/>
  <testcase classname="tests.Test_002" name="addEmployee">
    <skipped/>
  </testcase> <!-- addEmployee -->
</testsuite> <!-- tests.Test_002 -->
