<?xml version="1.0" encoding="UTF-8"?>
<!-- Generated by org.testng.reporters.JUnitReportReporter -->
<testsuite hostname="DESKTOP-3B2G8AU" failures="0" tests="1" name="tests.Test_003" time="65.520" errors="0" timestamp="06 Dec 2023 00:22:30 GMT" skipped="0">
  <testcase classname="tests.Test_003" name="addEmployee" time="65.520"/>
</testsuite> <!-- tests.Test_003 -->
